1697988592.911537 client started (6066): version 3.2a, socket /tmp/tmux-1000/default, protocol 8
1697988592.911556 on Linux 5.15.90.1-microsoft-standard-WSL2 #1 SMP Fri Jan 27 02:56:13 UTC 2023
1697988592.911559 using libevent 2.1.12-stable (poll); ncurses 6.3
1697988592.911569 flags are 0x18010000
1697988592.911571 socket is /tmp/tmux-1000/default
1697988592.911579 trying connect
1697988592.911588 connect failed: Connection refused
1697988592.911593 lock file is /tmp/tmux-1000/default.lock
1697988592.911610 flock succeeded
1697988592.911612 got lock (6)
1697988592.911616 trying connect
1697988592.911620 connect failed: Connection refused
1697988592.911764 add peer 0x55ee78245a30: 7 ((nil))
1697988592.911993 sending message 100 to peer 0x55ee78245a30 (4 bytes)
1697988592.912013 sending message 111 to peer 0x55ee78245a30 (8 bytes)
1697988592.912020 sending message 101 to peer 0x55ee78245a30 (15 bytes)
1697988592.912023 sending message 109 to peer 0x55ee78245a30 (4 bytes)
1697988592.912025 sending message 102 to peer 0x55ee78245a30 (11 bytes)
1697988592.912028 sending message 108 to peer 0x55ee78245a30 (19 bytes)
1697988592.912030 sending message 112 to peer 0x55ee78245a30 (58 bytes)
1697988592.912033 sending message 112 to peer 0x55ee78245a30 (5 bytes)
1697988592.912035 sending message 112 to peer 0x55ee78245a30 (5 bytes)
1697988592.912038 sending message 112 to peer 0x55ee78245a30 (6 bytes)
1697988592.912040 sending message 112 to peer 0x55ee78245a30 (6 bytes)
1697988592.912043 sending message 112 to peer 0x55ee78245a30 (11 bytes)
1697988592.912045 sending message 112 to peer 0x55ee78245a30 (10 bytes)
1697988592.912047 sending message 112 to peer 0x55ee78245a30 (13 bytes)
1697988592.912050 sending message 112 to peer 0x55ee78245a30 (14 bytes)
1697988592.912052 sending message 112 to peer 0x55ee78245a30 (19 bytes)
1697988592.912054 sending message 112 to peer 0x55ee78245a30 (11 bytes)
1697988592.912057 sending message 112 to peer 0x55ee78245a30 (10 bytes)
1697988592.912059 sending message 112 to peer 0x55ee78245a30 (15 bytes)
1697988592.912061 sending message 112 to peer 0x55ee78245a30 (21 bytes)
1697988592.912064 sending message 112 to peer 0x55ee78245a30 (13 bytes)
1697988592.912066 sending message 112 to peer 0x55ee78245a30 (7 bytes)
1697988592.912069 sending message 112 to peer 0x55ee78245a30 (13 bytes)
1697988592.912071 sending message 112 to peer 0x55ee78245a30 (7 bytes)
1697988592.912074 sending message 112 to peer 0x55ee78245a30 (13 bytes)
1697988592.912076 sending message 112 to peer 0x55ee78245a30 (9 bytes)
1697988592.912079 sending message 112 to peer 0x55ee78245a30 (21 bytes)
1697988592.912081 sending message 112 to peer 0x55ee78245a30 (13 bytes)
1697988592.912084 sending message 112 to peer 0x55ee78245a30 (9 bytes)
1697988592.912086 sending message 112 to peer 0x55ee78245a30 (16 bytes)
1697988592.912089 sending message 112 to peer 0x55ee78245a30 (13 bytes)
1697988592.912091 sending message 112 to peer 0x55ee78245a30 (9 bytes)
1697988592.912093 sending message 112 to peer 0x55ee78245a30 (9 bytes)
1697988592.912096 sending message 112 to peer 0x55ee78245a30 (12 bytes)
1697988592.912098 sending message 112 to peer 0x55ee78245a30 (8 bytes)
1697988592.912100 sending message 112 to peer 0x55ee78245a30 (8 bytes)
1697988592.912103 sending message 112 to peer 0x55ee78245a30 (13 bytes)
1697988592.912105 sending message 112 to peer 0x55ee78245a30 (7 bytes)
1697988592.912107 sending message 112 to peer 0x55ee78245a30 (7 bytes)
1697988592.912110 sending message 112 to peer 0x55ee78245a30 (9 bytes)
1697988592.912112 sending message 112 to peer 0x55ee78245a30 (9 bytes)
1697988592.912115 sending message 112 to peer 0x55ee78245a30 (15 bytes)
1697988592.912117 sending message 112 to peer 0x55ee78245a30 (13 bytes)
1697988592.912119 sending message 112 to peer 0x55ee78245a30 (12 bytes)
1697988592.912122 sending message 112 to peer 0x55ee78245a30 (8 bytes)
1697988592.912124 sending message 112 to peer 0x55ee78245a30 (14 bytes)
1697988592.912127 sending message 112 to peer 0x55ee78245a30 (11 bytes)
1697988592.912129 sending message 112 to peer 0x55ee78245a30 (9 bytes)
1697988592.912137 sending message 112 to peer 0x55ee78245a30 (10 bytes)
1697988592.912140 sending message 112 to peer 0x55ee78245a30 (10 bytes)
1697988592.912142 sending message 112 to peer 0x55ee78245a30 (10 bytes)
1697988592.912145 sending message 112 to peer 0x55ee78245a30 (10 bytes)
1697988592.912148 sending message 112 to peer 0x55ee78245a30 (11 bytes)
1697988592.912150 sending message 112 to peer 0x55ee78245a30 (12 bytes)
1697988592.912153 sending message 112 to peer 0x55ee78245a30 (12 bytes)
1697988592.912156 sending message 112 to peer 0x55ee78245a30 (12 bytes)
1697988592.912158 sending message 112 to peer 0x55ee78245a30 (12 bytes)
1697988592.912161 sending message 112 to peer 0x55ee78245a30 (12 bytes)
1697988592.912163 sending message 112 to peer 0x55ee78245a30 (11 bytes)
1697988592.912166 sending message 112 to peer 0x55ee78245a30 (11 bytes)
1697988592.912169 sending message 112 to peer 0x55ee78245a30 (12 bytes)
1697988592.912171 sending message 112 to peer 0x55ee78245a30 (12 bytes)
1697988592.912174 sending message 112 to peer 0x55ee78245a30 (12 bytes)
1697988592.912176 sending message 112 to peer 0x55ee78245a30 (12 bytes)
1697988592.912179 sending message 112 to peer 0x55ee78245a30 (12 bytes)
1697988592.912182 sending message 112 to peer 0x55ee78245a30 (9 bytes)
1697988592.912184 sending message 112 to peer 0x55ee78245a30 (12 bytes)
1697988592.912187 sending message 112 to peer 0x55ee78245a30 (13 bytes)
1697988592.912190 sending message 112 to peer 0x55ee78245a30 (13 bytes)
1697988592.912192 sending message 112 to peer 0x55ee78245a30 (13 bytes)
1697988592.912195 sending message 112 to peer 0x55ee78245a30 (13 bytes)
1697988592.912197 sending message 112 to peer 0x55ee78245a30 (13 bytes)
1697988592.912200 sending message 112 to peer 0x55ee78245a30 (8 bytes)
1697988592.912203 sending message 112 to peer 0x55ee78245a30 (11 bytes)
1697988592.912205 sending message 112 to peer 0x55ee78245a30 (11 bytes)
1697988592.912208 sending message 112 to peer 0x55ee78245a30 (11 bytes)
1697988592.912210 sending message 112 to peer 0x55ee78245a30 (12 bytes)
1697988592.912213 sending message 112 to peer 0x55ee78245a30 (12 bytes)
1697988592.912216 sending message 112 to peer 0x55ee78245a30 (12 bytes)
1697988592.912218 sending message 112 to peer 0x55ee78245a30 (12 bytes)
1697988592.912221 sending message 112 to peer 0x55ee78245a30 (13 bytes)
1697988592.912223 sending message 112 to peer 0x55ee78245a30 (13 bytes)
1697988592.912226 sending message 112 to peer 0x55ee78245a30 (13 bytes)
1697988592.912229 sending message 112 to peer 0x55ee78245a30 (8 bytes)
1697988592.912231 sending message 112 to peer 0x55ee78245a30 (13 bytes)
1697988592.912234 sending message 112 to peer 0x55ee78245a30 (13 bytes)
1697988592.912237 sending message 112 to peer 0x55ee78245a30 (13 bytes)
1697988592.912239 sending message 112 to peer 0x55ee78245a30 (13 bytes)
1697988592.912242 sending message 112 to peer 0x55ee78245a30 (13 bytes)
1697988592.912244 sending message 112 to peer 0x55ee78245a30 (12 bytes)
1697988592.912247 sending message 112 to peer 0x55ee78245a30 (12 bytes)
1697988592.912250 sending message 112 to peer 0x55ee78245a30 (12 bytes)
1697988592.912252 sending message 112 to peer 0x55ee78245a30 (12 bytes)
1697988592.912255 sending message 112 to peer 0x55ee78245a30 (13 bytes)
1697988592.912258 sending message 112 to peer 0x55ee78245a30 (8 bytes)
1697988592.912260 sending message 112 to peer 0x55ee78245a30 (13 bytes)
1697988592.912263 sending message 112 to peer 0x55ee78245a30 (13 bytes)
1697988592.912265 sending message 112 to peer 0x55ee78245a30 (13 bytes)
1697988592.912268 sending message 112 to peer 0x55ee78245a30 (13 bytes)
1697988592.912271 sending message 112 to peer 0x55ee78245a30 (13 bytes)
1697988592.912273 sending message 112 to peer 0x55ee78245a30 (13 bytes)
1697988592.912276 sending message 112 to peer 0x55ee78245a30 (13 bytes)
1697988592.912279 sending message 112 to peer 0x55ee78245a30 (12 bytes)
1697988592.912281 sending message 112 to peer 0x55ee78245a30 (12 bytes)
1697988592.912284 sending message 112 to peer 0x55ee78245a30 (12 bytes)
1697988592.912289 sending message 112 to peer 0x55ee78245a30 (8 bytes)
1697988592.912292 sending message 112 to peer 0x55ee78245a30 (12 bytes)
1697988592.912295 sending message 112 to peer 0x55ee78245a30 (13 bytes)
1697988592.912297 sending message 112 to peer 0x55ee78245a30 (13 bytes)
1697988592.912300 sending message 112 to peer 0x55ee78245a30 (13 bytes)
1697988592.912302 sending message 112 to peer 0x55ee78245a30 (13 bytes)
1697988592.912305 sending message 112 to peer 0x55ee78245a30 (13 bytes)
1697988592.912308 sending message 112 to peer 0x55ee78245a30 (13 bytes)
1697988592.912310 sending message 112 to peer 0x55ee78245a30 (13 bytes)
1697988592.912313 sending message 112 to peer 0x55ee78245a30 (13 bytes)
1697988592.912316 sending message 112 to peer 0x55ee78245a30 (12 bytes)
1697988592.912318 sending message 112 to peer 0x55ee78245a30 (10 bytes)
1697988592.912321 sending message 112 to peer 0x55ee78245a30 (12 bytes)
1697988592.912323 sending message 112 to peer 0x55ee78245a30 (12 bytes)
1697988592.912326 sending message 112 to peer 0x55ee78245a30 (12 bytes)
1697988592.912329 sending message 112 to peer 0x55ee78245a30 (13 bytes)
1697988592.912331 sending message 112 to peer 0x55ee78245a30 (13 bytes)
1697988592.912334 sending message 112 to peer 0x55ee78245a30 (13 bytes)
1697988592.912336 sending message 112 to peer 0x55ee78245a30 (13 bytes)
1697988592.912339 sending message 112 to peer 0x55ee78245a30 (13 bytes)
1697988592.912342 sending message 112 to peer 0x55ee78245a30 (13 bytes)
1697988592.912344 sending message 112 to peer 0x55ee78245a30 (13 bytes)
1697988592.912347 sending message 112 to peer 0x55ee78245a30 (10 bytes)
1697988592.912350 sending message 112 to peer 0x55ee78245a30 (13 bytes)
1697988592.912352 sending message 112 to peer 0x55ee78245a30 (12 bytes)
1697988592.912355 sending message 112 to peer 0x55ee78245a30 (12 bytes)
1697988592.912357 sending message 112 to peer 0x55ee78245a30 (12 bytes)
1697988592.912360 sending message 112 to peer 0x55ee78245a30 (10 bytes)
1697988592.912363 sending message 112 to peer 0x55ee78245a30 (10 bytes)
1697988592.912365 sending message 112 to peer 0x55ee78245a30 (10 bytes)
1697988592.912368 sending message 112 to peer 0x55ee78245a30 (12 bytes)
1697988592.912370 sending message 112 to peer 0x55ee78245a30 (13 bytes)
1697988592.912373 sending message 112 to peer 0x55ee78245a30 (13 bytes)
1697988592.912376 sending message 112 to peer 0x55ee78245a30 (13 bytes)
1697988592.912378 sending message 112 to peer 0x55ee78245a30 (13 bytes)
1697988592.912381 sending message 112 to peer 0x55ee78245a30 (13 bytes)
1697988592.912383 sending message 112 to peer 0x55ee78245a30 (10 bytes)
1697988592.912386 sending message 112 to peer 0x55ee78245a30 (11 bytes)
1697988592.912389 sending message 112 to peer 0x55ee78245a30 (12 bytes)
1697988592.912391 sending message 112 to peer 0x55ee78245a30 (12 bytes)
1697988592.912394 sending message 112 to peer 0x55ee78245a30 (12 bytes)
1697988592.912396 sending message 112 to peer 0x55ee78245a30 (12 bytes)
1697988592.912399 sending message 112 to peer 0x55ee78245a30 (12 bytes)
1697988592.912402 sending message 112 to peer 0x55ee78245a30 (11 bytes)
1697988592.912404 sending message 112 to peer 0x55ee78245a30 (12 bytes)
1697988592.912407 sending message 112 to peer 0x55ee78245a30 (12 bytes)
1697988592.912409 sending message 112 to peer 0x55ee78245a30 (13 bytes)
1697988592.912412 sending message 112 to peer 0x55ee78245a30 (13 bytes)
1697988592.912415 sending message 112 to peer 0x55ee78245a30 (13 bytes)
1697988592.912417 sending message 112 to peer 0x55ee78245a30 (13 bytes)
1697988592.912420 sending message 112 to peer 0x55ee78245a30 (13 bytes)
1697988592.912423 sending message 112 to peer 0x55ee78245a30 (10 bytes)
1697988592.912425 sending message 112 to peer 0x55ee78245a30 (9 bytes)
1697988592.912428 sending message 112 to peer 0x55ee78245a30 (12 bytes)
1697988592.912431 sending message 112 to peer 0x55ee78245a30 (13 bytes)
1697988592.912433 sending message 112 to peer 0x55ee78245a30 (13 bytes)
1697988592.912436 sending message 112 to peer 0x55ee78245a30 (13 bytes)
1697988592.912441 sending message 112 to peer 0x55ee78245a30 (13 bytes)
1697988592.912443 sending message 112 to peer 0x55ee78245a30 (13 bytes)
1697988592.912446 sending message 112 to peer 0x55ee78245a30 (9 bytes)
1697988592.912448 sending message 112 to peer 0x55ee78245a30 (12 bytes)
1697988592.912451 sending message 112 to peer 0x55ee78245a30 (13 bytes)
1697988592.912453 sending message 112 to peer 0x55ee78245a30 (13 bytes)
1697988592.912456 sending message 112 to peer 0x55ee78245a30 (13 bytes)
1697988592.912459 sending message 112 to peer 0x55ee78245a30 (13 bytes)
1697988592.912461 sending message 112 to peer 0x55ee78245a30 (13 bytes)
1697988592.912464 sending message 112 to peer 0x55ee78245a30 (11 bytes)
1697988592.912466 sending message 112 to peer 0x55ee78245a30 (12 bytes)
1697988592.912469 sending message 112 to peer 0x55ee78245a30 (13 bytes)
1697988592.912471 sending message 112 to peer 0x55ee78245a30 (13 bytes)
1697988592.912474 sending message 112 to peer 0x55ee78245a30 (13 bytes)
1697988592.912476 sending message 112 to peer 0x55ee78245a30 (13 bytes)
1697988592.912481 sending message 112 to peer 0x55ee78245a30 (13 bytes)
1697988592.912483 sending message 112 to peer 0x55ee78245a30 (11 bytes)
1697988592.912486 sending message 112 to peer 0x55ee78245a30 (12 bytes)
1697988592.912488 sending message 112 to peer 0x55ee78245a30 (12 bytes)
1697988592.912491 sending message 112 to peer 0x55ee78245a30 (12 bytes)
1697988592.912493 sending message 112 to peer 0x55ee78245a30 (12 bytes)
1697988592.912496 sending message 112 to peer 0x55ee78245a30 (12 bytes)
1697988592.912498 sending message 112 to peer 0x55ee78245a30 (21 bytes)
1697988592.912501 sending message 112 to peer 0x55ee78245a30 (12 bytes)
1697988592.912503 sending message 112 to peer 0x55ee78245a30 (9 bytes)
1697988592.912506 sending message 112 to peer 0x55ee78245a30 (6 bytes)
1697988592.912509 sending message 112 to peer 0x55ee78245a30 (13 bytes)
1697988592.912511 sending message 112 to peer 0x55ee78245a30 (10 bytes)
1697988592.912514 sending message 112 to peer 0x55ee78245a30 (24 bytes)
1697988592.912516 sending message 112 to peer 0x55ee78245a30 (13 bytes)
1697988592.912519 sending message 112 to peer 0x55ee78245a30 (9 bytes)
1697988592.912522 sending message 112 to peer 0x55ee78245a30 (70 bytes)
1697988592.912525 sending message 112 to peer 0x55ee78245a30 (69 bytes)
1697988592.912527 sending message 112 to peer 0x55ee78245a30 (12 bytes)
1697988592.912530 sending message 112 to peer 0x55ee78245a30 (10 bytes)
1697988592.912532 sending message 112 to peer 0x55ee78245a30 (10 bytes)
1697988592.912535 sending message 112 to peer 0x55ee78245a30 (24 bytes)
1697988592.912538 sending message 112 to peer 0x55ee78245a30 (13 bytes)
1697988592.912540 sending message 112 to peer 0x55ee78245a30 (10 bytes)
1697988592.912543 sending message 112 to peer 0x55ee78245a30 (10 bytes)
1697988592.912545 sending message 112 to peer 0x55ee78245a30 (10 bytes)
1697988592.912548 sending message 112 to peer 0x55ee78245a30 (13 bytes)
1697988592.912550 sending message 112 to peer 0x55ee78245a30 (15 bytes)
1697988592.912553 sending message 112 to peer 0x55ee78245a30 (5 bytes)
1697988592.912556 sending message 104 to peer 0x55ee78245a30 (0 bytes)
1697988592.912558 sending message 110 to peer 0x55ee78245a30 (0 bytes)
1697988592.912561 sending message 107 to peer 0x55ee78245a30 (4 bytes)
1697988592.912565 sending message 105 to peer 0x55ee78245a30 (16 bytes)
1697988592.912568 sending message 105 to peer 0x55ee78245a30 (24 bytes)
1697988592.912570 sending message 105 to peer 0x55ee78245a30 (23 bytes)
1697988592.912573 sending message 105 to peer 0x55ee78245a30 (21 bytes)
1697988592.912575 sending message 105 to peer 0x55ee78245a30 (23 bytes)
1697988592.912578 sending message 105 to peer 0x55ee78245a30 (17 bytes)
1697988592.912580 sending message 105 to peer 0x55ee78245a30 (23 bytes)
1697988592.912583 sending message 105 to peer 0x55ee78245a30 (20 bytes)
1697988592.912585 sending message 105 to peer 0x55ee78245a30 (13 bytes)
1697988592.912588 sending message 105 to peer 0x55ee78245a30 (33 bytes)
1697988592.912595 sending message 105 to peer 0x55ee78245a30 (1519 bytes)
1697988592.912605 sending message 105 to peer 0x55ee78245a30 (26 bytes)
1697988592.912608 sending message 105 to peer 0x55ee78245a30 (34 bytes)
1697988592.912611 sending message 105 to peer 0x55ee78245a30 (20 bytes)
1697988592.912613 sending message 105 to peer 0x55ee78245a30 (32 bytes)
1697988592.912616 sending message 105 to peer 0x55ee78245a30 (14 bytes)
1697988592.912619 sending message 105 to peer 0x55ee78245a30 (11 bytes)
1697988592.912621 sending message 105 to peer 0x55ee78245a30 (8 bytes)
1697988592.912624 sending message 105 to peer 0x55ee78245a30 (32 bytes)
1697988592.912627 sending message 105 to peer 0x55ee78245a30 (8 bytes)
1697988592.912630 sending message 105 to peer 0x55ee78245a30 (65 bytes)
1697988592.912632 sending message 105 to peer 0x55ee78245a30 (1036 bytes)
1697988592.912635 sending message 105 to peer 0x55ee78245a30 (54 bytes)
1697988592.912638 sending message 105 to peer 0x55ee78245a30 (16 bytes)
1697988592.912640 sending message 105 to peer 0x55ee78245a30 (40 bytes)
1697988592.912643 sending message 105 to peer 0x55ee78245a30 (16 bytes)
1697988592.912646 sending message 105 to peer 0x55ee78245a30 (22 bytes)
1697988592.912648 sending message 106 to peer 0x55ee78245a30 (0 bytes)
1697988592.912653 sending message 200 to peer 0x55ee78245a30 (4 bytes)
1697988592.912655 client loop enter
1697988592.912689 client_signal: Child exited
1697988592.952509 peer 0x55ee78245a30 message 207
1697988592.952521 sending message 208 to peer 0x55ee78245a30 (0 bytes)
1697988594.689193 peer 0x55ee78245a30 message 203
1697988594.689203 sending message 205 to peer 0x55ee78245a30 (0 bytes)
1697988594.689475 peer 0x55ee78245a30 message 204
1697988594.689482 client loop exit
